<?xml version="1.0" encoding="UTF-8"?>
<!-- Generated by org.testng.reporters.JUnitReportReporter -->
<testsuite hostname="DESKTOP-IM0U5Q7" failures="0" tests="6" name="api.tests.DataDrivenTestForUser" time="18.147" errors="0" timestamp="2023-08-31T16:05:41 IST" skipped="0">
  <testcase classname="api.tests.DataDrivenTestForUser" name="createUsertest" time="4.676"/>
  <system-out/>
  <testcase classname="api.tests.DataDrivenTestForUser" name="createUsertest" time="4.681"/>
  <system-out/>
  <testcase classname="api.tests.DataDrivenTestForUser" name="createUsertest" time="4.704"/>
  <system-out/>
  <testcase classname="api.tests.DataDrivenTestForUser" name="deleteUserTest" time="1.370"/>
  <system-out/>
  <testcase classname="api.tests.DataDrivenTestForUser" name="deleteUserTest" time="1.337"/>
  <system-out/>
  <testcase classname="api.tests.DataDrivenTestForUser" name="deleteUserTest" time="1.379"/>
  <system-out/>
</testsuite> <!-- api.tests.DataDrivenTestForUser -->
